Analysis & Synthesis report for ascii-roller-seven-segment-display
Wed May 31 14:29:53 2023
Quartus Prime Version 21.1.0 Build 842 10/21/2021 SJ Lite Edition


---------------------
; Table of Contents ;
---------------------
  1. Legal Notice
  2. Analysis & Synthesis Summary
  3. Analysis & Synthesis Settings
  4. Parallel Compilation
  5. Analysis & Synthesis Source Files Read
  6. Analysis & Synthesis Resource Usage Summary
  7. Analysis & Synthesis Resource Utilization by Entity
  8. Registers Removed During Synthesis
  9. Removed Registers Triggering Further Register Optimizations
 10. General Register Statistics
 11. Multiplexer Restructuring Statistics (Restructuring Performed)
 12. Parameter Settings for Inferred Entity Instance: ascii_roller:ascii_roller_1|lpm_divide:Mod5
 13. Parameter Settings for Inferred Entity Instance: ascii_roller:ascii_roller_1|lpm_divide:Mod4
 14. Parameter Settings for Inferred Entity Instance: ascii_roller:ascii_roller_1|lpm_divide:Mod3
 15. Parameter Settings for Inferred Entity Instance: ascii_roller:ascii_roller_1|lpm_divide:Mod2
 16. Parameter Settings for Inferred Entity Instance: ascii_roller:ascii_roller_1|lpm_divide:Mod1
 17. Parameter Settings for Inferred Entity Instance: ascii_roller:ascii_roller_1|lpm_divide:Mod0
 18. Port Connectivity Checks: "ascii_roller:ascii_roller_1"
 19. Post-Synthesis Netlist Statistics for Top Partition
 20. Elapsed Time Per Partition
 21. Analysis & Synthesis Messages



----------------
; Legal Notice ;
----------------
Copyright (C) 2021  Intel Corporation. All rights reserved.
Your use of Intel Corporation's design tools, logic functions 
and other software and tools, and any partner logic 
functions, and any output files from any of the foregoing 
(including device programming or simulation files), and any 
associated documentation or information are expressly subject 
to the terms and conditions of the Intel Program License 
Subscription Agreement, the Intel Quartus Prime License Agreement,
the Intel FPGA IP License Agreement, or other applicable license
agreement, including, without limitation, that your use is for
the sole purpose of programming logic devices manufactured by
Intel and sold by Intel or its authorized distributors.  Please
refer to the applicable agreement for further details, at
https://fpgasoftware.intel.com/eula.



+----------------------------------------------------------------------------------+
; Analysis & Synthesis Summary                                                     ;
+------------------------------------+---------------------------------------------+
; Analysis & Synthesis Status        ; Successful - Wed May 31 14:29:53 2023       ;
; Quartus Prime Version              ; 21.1.0 Build 842 10/21/2021 SJ Lite Edition ;
; Revision Name                      ; ascii-roller-seven-segment-display          ;
; Top-level Entity Name              ; ascii_display_top                           ;
; Family                             ; MAX 10                                      ;
; Total logic elements               ; 627                                         ;
;     Total combinational functions  ; 627                                         ;
;     Dedicated logic registers      ; 34                                          ;
; Total registers                    ; 34                                          ;
; Total pins                         ; 51                                          ;
; Total virtual pins                 ; 0                                           ;
; Total memory bits                  ; 0                                           ;
; Embedded Multiplier 9-bit elements ; 0                                           ;
; Total PLLs                         ; 0                                           ;
; UFM blocks                         ; 0                                           ;
; ADC blocks                         ; 0                                           ;
+------------------------------------+---------------------------------------------+


+----------------------------------------------------------------------------------------------------------------------------+
; Analysis & Synthesis Settings                                                                                              ;
+------------------------------------------------------------------+--------------------+------------------------------------+
; Option                                                           ; Setting            ; Default Value                      ;
+------------------------------------------------------------------+--------------------+------------------------------------+
; Device                                                           ; 10M50DAF484C7G     ;                                    ;
; Top-level entity name                                            ; ascii_display_top  ; ascii-roller-seven-segment-display ;
; Family name                                                      ; MAX 10             ; Cyclone V                          ;
; Use smart compilation                                            ; Off                ; Off                                ;
; Enable parallel Assembler and Timing Analyzer during compilation ; On                 ; On                                 ;
; Enable compact report table                                      ; Off                ; Off                                ;
; Restructure Multiplexers                                         ; Auto               ; Auto                               ;
; Create Debugging Nodes for IP Cores                              ; Off                ; Off                                ;
; Preserve fewer node names                                        ; On                 ; On                                 ;
; Intel FPGA IP Evaluation Mode                                    ; Enable             ; Enable                             ;
; Verilog Version                                                  ; Verilog_2001       ; Verilog_2001                       ;
; VHDL Version                                                     ; VHDL_1993          ; VHDL_1993                          ;
; State Machine Processing                                         ; Auto               ; Auto                               ;
; Safe State Machine                                               ; Off                ; Off                                ;
; Extract Verilog State Machines                                   ; On                 ; On                                 ;
; Extract VHDL State Machines                                      ; On                 ; On                                 ;
; Ignore Verilog initial constructs                                ; Off                ; Off                                ;
; Iteration limit for constant Verilog loops                       ; 5000               ; 5000                               ;
; Iteration limit for non-constant Verilog loops                   ; 250                ; 250                                ;
; Add Pass-Through Logic to Inferred RAMs                          ; On                 ; On                                 ;
; Infer RAMs from Raw Logic                                        ; On                 ; On                                 ;
; Parallel Synthesis                                               ; On                 ; On                                 ;
; DSP Block Balancing                                              ; Auto               ; Auto                               ;
; NOT Gate Push-Back                                               ; On                 ; On                                 ;
; Power-Up Don't Care                                              ; On                 ; On                                 ;
; Remove Redundant Logic Cells                                     ; Off                ; Off                                ;
; Remove Duplicate Registers                                       ; On                 ; On                                 ;
; Ignore CARRY Buffers                                             ; Off                ; Off                                ;
; Ignore CASCADE Buffers                                           ; Off                ; Off                                ;
; Ignore GLOBAL Buffers                                            ; Off                ; Off                                ;
; Ignore ROW GLOBAL Buffers                                        ; Off                ; Off                                ;
; Ignore LCELL Buffers                                             ; Off                ; Off                                ;
; Ignore SOFT Buffers                                              ; On                 ; On                                 ;
; Limit AHDL Integers to 32 Bits                                   ; Off                ; Off                                ;
; Optimization Technique                                           ; Balanced           ; Balanced                           ;
; Carry Chain Length                                               ; 70                 ; 70                                 ;
; Auto Carry Chains                                                ; On                 ; On                                 ;
; Auto Open-Drain Pins                                             ; On                 ; On                                 ;
; Perform WYSIWYG Primitive Resynthesis                            ; Off                ; Off                                ;
; Auto ROM Replacement                                             ; On                 ; On                                 ;
; Auto RAM Replacement                                             ; On                 ; On                                 ;
; Auto DSP Block Replacement                                       ; On                 ; On                                 ;
; Auto Shift Register Replacement                                  ; Auto               ; Auto                               ;
; Allow Shift Register Merging across Hierarchies                  ; Auto               ; Auto                               ;
; Auto Clock Enable Replacement                                    ; On                 ; On                                 ;
; Strict RAM Replacement                                           ; Off                ; Off                                ;
; Allow Synchronous Control Signals                                ; On                 ; On                                 ;
; Force Use of Synchronous Clear Signals                           ; Off                ; Off                                ;
; Auto RAM Block Balancing                                         ; On                 ; On                                 ;
; Auto RAM to Logic Cell Conversion                                ; Off                ; Off                                ;
; Auto Resource Sharing                                            ; Off                ; Off                                ;
; Allow Any RAM Size For Recognition                               ; Off                ; Off                                ;
; Allow Any ROM Size For Recognition                               ; Off                ; Off                                ;
; Allow Any Shift Register Size For Recognition                    ; Off                ; Off                                ;
; Use LogicLock Constraints during Resource Balancing              ; On                 ; On                                 ;
; Ignore translate_off and synthesis_off directives                ; Off                ; Off                                ;
; Timing-Driven Synthesis                                          ; On                 ; On                                 ;
; Report Parameter Settings                                        ; On                 ; On                                 ;
; Report Source Assignments                                        ; On                 ; On                                 ;
; Report Connectivity Checks                                       ; On                 ; On                                 ;
; Ignore Maximum Fan-Out Assignments                               ; Off                ; Off                                ;
; Synchronization Register Chain Length                            ; 2                  ; 2                                  ;
; Power Optimization During Synthesis                              ; Normal compilation ; Normal compilation                 ;
; HDL message level                                                ; Level2             ; Level2                             ;
; Suppress Register Optimization Related Messages                  ; Off                ; Off                                ;
; Number of Removed Registers Reported in Synthesis Report         ; 5000               ; 5000                               ;
; Number of Swept Nodes Reported in Synthesis Report               ; 5000               ; 5000                               ;
; Number of Inverted Registers Reported in Synthesis Report        ; 100                ; 100                                ;
; Clock MUX Protection                                             ; On                 ; On                                 ;
; Auto Gated Clock Conversion                                      ; Off                ; Off                                ;
; Block Design Naming                                              ; Auto               ; Auto                               ;
; SDC constraint protection                                        ; Off                ; Off                                ;
; Synthesis Effort                                                 ; Auto               ; Auto                               ;
; Shift Register Replacement - Allow Asynchronous Clear Signal     ; On                 ; On                                 ;
; Pre-Mapping Resynthesis Optimization                             ; Off                ; Off                                ;
; Analysis & Synthesis Message Level                               ; Medium             ; Medium                             ;
; Disable Register Merging Across Hierarchies                      ; Auto               ; Auto                               ;
; Resource Aware Inference For Block RAM                           ; On                 ; On                                 ;
+------------------------------------------------------------------+--------------------+------------------------------------+


+------------------------------------------+
; Parallel Compilation                     ;
+----------------------------+-------------+
; Processors                 ; Number      ;
+----------------------------+-------------+
; Number detected on machine ; 16          ;
; Maximum allowed            ; 16          ;
;                            ;             ;
; Average used               ; 1.00        ;
; Maximum used               ; 16          ;
;                            ;             ;
; Usage by Processor         ; % Time Used ;
;     Processor 1            ; 100.0%      ;
;     Processors 2-16        ;   0.0%      ;
+----------------------------+-------------+


+---------------------------------------------------------------------------------------------------------------------------------------------------------------------------------------------------------------------------------------------------------------+
; Analysis & Synthesis Source Files Read                                                                                                                                                                                                                        ;
+--------------------------------------------------+-----------------+------------------------------+-------------------------------------------------------------------------------------------------------------------------------------------------+---------+
; File Name with User-Entered Path                 ; Used in Netlist ; File Type                    ; File Name with Absolute Path                                                                                                                    ; Library ;
+--------------------------------------------------+-----------------+------------------------------+-------------------------------------------------------------------------------------------------------------------------------------------------+---------+
; ../vhdl/modules/ascii_seven_segment_decoder.vhdl ; yes             ; User VHDL File               ; D:/Dokumente/Informatik-Wettbewerbe/Invent_A_Chip/Chip-Designs/ascii-roller-seven-segment-display/vhdl/modules/ascii_seven_segment_decoder.vhdl ;         ;
; ../vhdl/modules/ascii_roller.vhdl                ; yes             ; User VHDL File               ; D:/Dokumente/Informatik-Wettbewerbe/Invent_A_Chip/Chip-Designs/ascii-roller-seven-segment-display/vhdl/modules/ascii_roller.vhdl                ;         ;
; ../vhdl/modules/ascii_display_top.vhdl           ; yes             ; User VHDL File               ; D:/Dokumente/Informatik-Wettbewerbe/Invent_A_Chip/Chip-Designs/ascii-roller-seven-segment-display/vhdl/modules/ascii_display_top.vhdl           ;         ;
; lpm_divide.tdf                                   ; yes             ; Megafunction                 ; c:/intelfpga_lite/21.1/quartus/libraries/megafunctions/lpm_divide.tdf                                                                           ;         ;
; abs_divider.inc                                  ; yes             ; Megafunction                 ; c:/intelfpga_lite/21.1/quartus/libraries/megafunctions/abs_divider.inc                                                                          ;         ;
; sign_div_unsign.inc                              ; yes             ; Megafunction                 ; c:/intelfpga_lite/21.1/quartus/libraries/megafunctions/sign_div_unsign.inc                                                                      ;         ;
; aglobal211.inc                                   ; yes             ; Megafunction                 ; c:/intelfpga_lite/21.1/quartus/libraries/megafunctions/aglobal211.inc                                                                           ;         ;
; db/lpm_divide_anl.tdf                            ; yes             ; Auto-Generated Megafunction  ; D:/Dokumente/Informatik-Wettbewerbe/Invent_A_Chip/Chip-Designs/ascii-roller-seven-segment-display/quartus/db/lpm_divide_anl.tdf                 ;         ;
; db/sign_div_unsign_9nh.tdf                       ; yes             ; Auto-Generated Megafunction  ; D:/Dokumente/Informatik-Wettbewerbe/Invent_A_Chip/Chip-Designs/ascii-roller-seven-segment-display/quartus/db/sign_div_unsign_9nh.tdf            ;         ;
; db/alt_u_div_ske.tdf                             ; yes             ; Auto-Generated Megafunction  ; D:/Dokumente/Informatik-Wettbewerbe/Invent_A_Chip/Chip-Designs/ascii-roller-seven-segment-display/quartus/db/alt_u_div_ske.tdf                  ;         ;
; db/add_sub_t3c.tdf                               ; yes             ; Auto-Generated Megafunction  ; D:/Dokumente/Informatik-Wettbewerbe/Invent_A_Chip/Chip-Designs/ascii-roller-seven-segment-display/quartus/db/add_sub_t3c.tdf                    ;         ;
; db/add_sub_u3c.tdf                               ; yes             ; Auto-Generated Megafunction  ; D:/Dokumente/Informatik-Wettbewerbe/Invent_A_Chip/Chip-Designs/ascii-roller-seven-segment-display/quartus/db/add_sub_u3c.tdf                    ;         ;
; db/lpm_divide_8nl.tdf                            ; yes             ; Auto-Generated Megafunction  ; D:/Dokumente/Informatik-Wettbewerbe/Invent_A_Chip/Chip-Designs/ascii-roller-seven-segment-display/quartus/db/lpm_divide_8nl.tdf                 ;         ;
; db/sign_div_unsign_7nh.tdf                       ; yes             ; Auto-Generated Megafunction  ; D:/Dokumente/Informatik-Wettbewerbe/Invent_A_Chip/Chip-Designs/ascii-roller-seven-segment-display/quartus/db/sign_div_unsign_7nh.tdf            ;         ;
; db/alt_u_div_oke.tdf                             ; yes             ; Auto-Generated Megafunction  ; D:/Dokumente/Informatik-Wettbewerbe/Invent_A_Chip/Chip-Designs/ascii-roller-seven-segment-display/quartus/db/alt_u_div_oke.tdf                  ;         ;
+--------------------------------------------------+-----------------+------------------------------+-------------------------------------------------------------------------------------------------------------------------------------------------+---------+


+--------------------------------------------------------------------------------------------------------------------------------------------------------------------------------------------------------+
; Analysis & Synthesis Resource Usage Summary                                                                                                                                                            ;
+---------------------------------------------+----------------------------------------------------------------------------------------------------------------------------------------------------------+
; Resource                                    ; Usage                                                                                                                                                    ;
+---------------------------------------------+----------------------------------------------------------------------------------------------------------------------------------------------------------+
; Estimated Total logic elements              ; 627                                                                                                                                                      ;
;                                             ;                                                                                                                                                          ;
; Total combinational functions               ; 627                                                                                                                                                      ;
; Logic element usage by number of LUT inputs ;                                                                                                                                                          ;
;     -- 4 input functions                    ; 25                                                                                                                                                       ;
;     -- 3 input functions                    ; 54                                                                                                                                                       ;
;     -- <=2 input functions                  ; 548                                                                                                                                                      ;
;                                             ;                                                                                                                                                          ;
; Logic elements by mode                      ;                                                                                                                                                          ;
;     -- normal mode                          ; 253                                                                                                                                                      ;
;     -- arithmetic mode                      ; 374                                                                                                                                                      ;
;                                             ;                                                                                                                                                          ;
; Total registers                             ; 34                                                                                                                                                       ;
;     -- Dedicated logic registers            ; 34                                                                                                                                                       ;
;     -- I/O registers                        ; 0                                                                                                                                                        ;
;                                             ;                                                                                                                                                          ;
; I/O pins                                    ; 51                                                                                                                                                       ;
;                                             ;                                                                                                                                                          ;
; Embedded Multiplier 9-bit elements          ; 0                                                                                                                                                        ;
;                                             ;                                                                                                                                                          ;
; Maximum fan-out node                        ; ascii_roller:ascii_roller_1|lpm_divide:Mod5|lpm_divide_anl:auto_generated|sign_div_unsign_9nh:divider|alt_u_div_ske:divider|add_sub_30_result_int[31]~60 ;
; Maximum fan-out                             ; 34                                                                                                                                                       ;
; Total fan-out                               ; 1387                                                                                                                                                     ;
; Average fan-out                             ; 1.82                                                                                                                                                     ;
+---------------------------------------------+----------------------------------------------------------------------------------------------------------------------------------------------------------+


+-----------------------------------------------------------------------------------------------------------------------------------------------------------------------------------------------------------------------------------------------------------------------------------------------------------------------------------------------------------------------------------------------------+
; Analysis & Synthesis Resource Utilization by Entity                                                                                                                                                                                                                                                                                                                                                 ;
+--------------------------------------------------+---------------------+---------------------------+-------------+------------+--------------+---------+-----------+------+--------------+------------+------------------------------------------------------------------------------------------------------------------------------------------------+-----------------------------+--------------+
; Compilation Hierarchy Node                       ; Combinational ALUTs ; Dedicated Logic Registers ; Memory Bits ; UFM Blocks ; DSP Elements ; DSP 9x9 ; DSP 18x18 ; Pins ; Virtual Pins ; ADC blocks ; Full Hierarchy Name                                                                                                                            ; Entity Name                 ; Library Name ;
+--------------------------------------------------+---------------------+---------------------------+-------------+------------+--------------+---------+-----------+------+--------------+------------+------------------------------------------------------------------------------------------------------------------------------------------------+-----------------------------+--------------+
; |ascii_display_top                               ; 627 (0)             ; 34 (0)                    ; 0           ; 0          ; 0            ; 0       ; 0         ; 51   ; 0            ; 0          ; |ascii_display_top                                                                                                                             ; ascii_display_top           ; work         ;
;    |ascii_roller:ascii_roller_1|                 ; 591 (60)            ; 34 (34)                   ; 0           ; 0          ; 0            ; 0       ; 0         ; 0    ; 0            ; 0          ; |ascii_display_top|ascii_roller:ascii_roller_1                                                                                                 ; ascii_roller                ; work         ;
;       |lpm_divide:Mod0|                          ; 33 (0)              ; 0 (0)                     ; 0           ; 0          ; 0            ; 0       ; 0         ; 0    ; 0            ; 0          ; |ascii_display_top|ascii_roller:ascii_roller_1|lpm_divide:Mod0                                                                                 ; lpm_divide                  ; work         ;
;          |lpm_divide_8nl:auto_generated|         ; 33 (0)              ; 0 (0)                     ; 0           ; 0          ; 0            ; 0       ; 0         ; 0    ; 0            ; 0          ; |ascii_display_top|ascii_roller:ascii_roller_1|lpm_divide:Mod0|lpm_divide_8nl:auto_generated                                                   ; lpm_divide_8nl              ; work         ;
;             |sign_div_unsign_7nh:divider|        ; 33 (0)              ; 0 (0)                     ; 0           ; 0          ; 0            ; 0       ; 0         ; 0    ; 0            ; 0          ; |ascii_display_top|ascii_roller:ascii_roller_1|lpm_divide:Mod0|lpm_divide_8nl:auto_generated|sign_div_unsign_7nh:divider                       ; sign_div_unsign_7nh         ; work         ;
;                |alt_u_div_oke:divider|           ; 33 (33)             ; 0 (0)                     ; 0           ; 0          ; 0            ; 0       ; 0         ; 0    ; 0            ; 0          ; |ascii_display_top|ascii_roller:ascii_roller_1|lpm_divide:Mod0|lpm_divide_8nl:auto_generated|sign_div_unsign_7nh:divider|alt_u_div_oke:divider ; alt_u_div_oke               ; work         ;
;       |lpm_divide:Mod1|                          ; 99 (0)              ; 0 (0)                     ; 0           ; 0          ; 0            ; 0       ; 0         ; 0    ; 0            ; 0          ; |ascii_display_top|ascii_roller:ascii_roller_1|lpm_divide:Mod1                                                                                 ; lpm_divide                  ; work         ;
;          |lpm_divide_anl:auto_generated|         ; 99 (0)              ; 0 (0)                     ; 0           ; 0          ; 0            ; 0       ; 0         ; 0    ; 0            ; 0          ; |ascii_display_top|ascii_roller:ascii_roller_1|lpm_divide:Mod1|lpm_divide_anl:auto_generated                                                   ; lpm_divide_anl              ; work         ;
;             |sign_div_unsign_9nh:divider|        ; 99 (0)              ; 0 (0)                     ; 0           ; 0          ; 0            ; 0       ; 0         ; 0    ; 0            ; 0          ; |ascii_display_top|ascii_roller:ascii_roller_1|lpm_divide:Mod1|lpm_divide_anl:auto_generated|sign_div_unsign_9nh:divider                       ; sign_div_unsign_9nh         ; work         ;
;                |alt_u_div_ske:divider|           ; 99 (99)             ; 0 (0)                     ; 0           ; 0          ; 0            ; 0       ; 0         ; 0    ; 0            ; 0          ; |ascii_display_top|ascii_roller:ascii_roller_1|lpm_divide:Mod1|lpm_divide_anl:auto_generated|sign_div_unsign_9nh:divider|alt_u_div_ske:divider ; alt_u_div_ske               ; work         ;
;       |lpm_divide:Mod2|                          ; 100 (0)             ; 0 (0)                     ; 0           ; 0          ; 0            ; 0       ; 0         ; 0    ; 0            ; 0          ; |ascii_display_top|ascii_roller:ascii_roller_1|lpm_divide:Mod2                                                                                 ; lpm_divide                  ; work         ;
;          |lpm_divide_anl:auto_generated|         ; 100 (0)             ; 0 (0)                     ; 0           ; 0          ; 0            ; 0       ; 0         ; 0    ; 0            ; 0          ; |ascii_display_top|ascii_roller:ascii_roller_1|lpm_divide:Mod2|lpm_divide_anl:auto_generated                                                   ; lpm_divide_anl              ; work         ;
;             |sign_div_unsign_9nh:divider|        ; 100 (0)             ; 0 (0)                     ; 0           ; 0          ; 0            ; 0       ; 0         ; 0    ; 0            ; 0          ; |ascii_display_top|ascii_roller:ascii_roller_1|lpm_divide:Mod2|lpm_divide_anl:auto_generated|sign_div_unsign_9nh:divider                       ; sign_div_unsign_9nh         ; work         ;
;                |alt_u_div_ske:divider|           ; 100 (100)           ; 0 (0)                     ; 0           ; 0          ; 0            ; 0       ; 0         ; 0    ; 0            ; 0          ; |ascii_display_top|ascii_roller:ascii_roller_1|lpm_divide:Mod2|lpm_divide_anl:auto_generated|sign_div_unsign_9nh:divider|alt_u_div_ske:divider ; alt_u_div_ske               ; work         ;
;       |lpm_divide:Mod3|                          ; 99 (0)              ; 0 (0)                     ; 0           ; 0          ; 0            ; 0       ; 0         ; 0    ; 0            ; 0          ; |ascii_display_top|ascii_roller:ascii_roller_1|lpm_divide:Mod3                                                                                 ; lpm_divide                  ; work         ;
;          |lpm_divide_anl:auto_generated|         ; 99 (0)              ; 0 (0)                     ; 0           ; 0          ; 0            ; 0       ; 0         ; 0    ; 0            ; 0          ; |ascii_display_top|ascii_roller:ascii_roller_1|lpm_divide:Mod3|lpm_divide_anl:auto_generated                                                   ; lpm_divide_anl              ; work         ;
;             |sign_div_unsign_9nh:divider|        ; 99 (0)              ; 0 (0)                     ; 0           ; 0          ; 0            ; 0       ; 0         ; 0    ; 0            ; 0          ; |ascii_display_top|ascii_roller:ascii_roller_1|lpm_divide:Mod3|lpm_divide_anl:auto_generated|sign_div_unsign_9nh:divider                       ; sign_div_unsign_9nh         ; work         ;
;                |alt_u_div_ske:divider|           ; 99 (99)             ; 0 (0)                     ; 0           ; 0          ; 0            ; 0       ; 0         ; 0    ; 0            ; 0          ; |ascii_display_top|ascii_roller:ascii_roller_1|lpm_divide:Mod3|lpm_divide_anl:auto_generated|sign_div_unsign_9nh:divider|alt_u_div_ske:divider ; alt_u_div_ske               ; work         ;
;       |lpm_divide:Mod4|                          ; 99 (0)              ; 0 (0)                     ; 0           ; 0          ; 0            ; 0       ; 0         ; 0    ; 0            ; 0          ; |ascii_display_top|ascii_roller:ascii_roller_1|lpm_divide:Mod4                                                                                 ; lpm_divide                  ; work         ;
;          |lpm_divide_anl:auto_generated|         ; 99 (0)              ; 0 (0)                     ; 0           ; 0          ; 0            ; 0       ; 0         ; 0    ; 0            ; 0          ; |ascii_display_top|ascii_roller:ascii_roller_1|lpm_divide:Mod4|lpm_divide_anl:auto_generated                                                   ; lpm_divide_anl              ; work         ;
;             |sign_div_unsign_9nh:divider|        ; 99 (0)              ; 0 (0)                     ; 0           ; 0          ; 0            ; 0       ; 0         ; 0    ; 0            ; 0          ; |ascii_display_top|ascii_roller:ascii_roller_1|lpm_divide:Mod4|lpm_divide_anl:auto_generated|sign_div_unsign_9nh:divider                       ; sign_div_unsign_9nh         ; work         ;
;                |alt_u_div_ske:divider|           ; 99 (99)             ; 0 (0)                     ; 0           ; 0          ; 0            ; 0       ; 0         ; 0    ; 0            ; 0          ; |ascii_display_top|ascii_roller:ascii_roller_1|lpm_divide:Mod4|lpm_divide_anl:auto_generated|sign_div_unsign_9nh:divider|alt_u_div_ske:divider ; alt_u_div_ske               ; work         ;
;       |lpm_divide:Mod5|                          ; 101 (0)             ; 0 (0)                     ; 0           ; 0          ; 0            ; 0       ; 0         ; 0    ; 0            ; 0          ; |ascii_display_top|ascii_roller:ascii_roller_1|lpm_divide:Mod5                                                                                 ; lpm_divide                  ; work         ;
;          |lpm_divide_anl:auto_generated|         ; 101 (0)             ; 0 (0)                     ; 0           ; 0          ; 0            ; 0       ; 0         ; 0    ; 0            ; 0          ; |ascii_display_top|ascii_roller:ascii_roller_1|lpm_divide:Mod5|lpm_divide_anl:auto_generated                                                   ; lpm_divide_anl              ; work         ;
;             |sign_div_unsign_9nh:divider|        ; 101 (0)             ; 0 (0)                     ; 0           ; 0          ; 0            ; 0       ; 0         ; 0    ; 0            ; 0          ; |ascii_display_top|ascii_roller:ascii_roller_1|lpm_divide:Mod5|lpm_divide_anl:auto_generated|sign_div_unsign_9nh:divider                       ; sign_div_unsign_9nh         ; work         ;
;                |alt_u_div_ske:divider|           ; 101 (101)           ; 0 (0)                     ; 0           ; 0          ; 0            ; 0       ; 0         ; 0    ; 0            ; 0          ; |ascii_display_top|ascii_roller:ascii_roller_1|lpm_divide:Mod5|lpm_divide_anl:auto_generated|sign_div_unsign_9nh:divider|alt_u_div_ske:divider ; alt_u_div_ske               ; work         ;
;    |ascii_seven_segment_decoder:ascii_decoder_1| ; 6 (6)               ; 0 (0)                     ; 0           ; 0          ; 0            ; 0       ; 0         ; 0    ; 0            ; 0          ; |ascii_display_top|ascii_seven_segment_decoder:ascii_decoder_1                                                                                 ; ascii_seven_segment_decoder ; work         ;
;    |ascii_seven_segment_decoder:ascii_decoder_2| ; 6 (6)               ; 0 (0)                     ; 0           ; 0          ; 0            ; 0       ; 0         ; 0    ; 0            ; 0          ; |ascii_display_top|ascii_seven_segment_decoder:ascii_decoder_2                                                                                 ; ascii_seven_segment_decoder ; work         ;
;    |ascii_seven_segment_decoder:ascii_decoder_3| ; 6 (6)               ; 0 (0)                     ; 0           ; 0          ; 0            ; 0       ; 0         ; 0    ; 0            ; 0          ; |ascii_display_top|ascii_seven_segment_decoder:ascii_decoder_3                                                                                 ; ascii_seven_segment_decoder ; work         ;
;    |ascii_seven_segment_decoder:ascii_decoder_4| ; 6 (6)               ; 0 (0)                     ; 0           ; 0          ; 0            ; 0       ; 0         ; 0    ; 0            ; 0          ; |ascii_display_top|ascii_seven_segment_decoder:ascii_decoder_4                                                                                 ; ascii_seven_segment_decoder ; work         ;
;    |ascii_seven_segment_decoder:ascii_decoder_5| ; 6 (6)               ; 0 (0)                     ; 0           ; 0          ; 0            ; 0       ; 0         ; 0    ; 0            ; 0          ; |ascii_display_top|ascii_seven_segment_decoder:ascii_decoder_5                                                                                 ; ascii_seven_segment_decoder ; work         ;
;    |ascii_seven_segment_decoder:ascii_decoder_6| ; 6 (6)               ; 0 (0)                     ; 0           ; 0          ; 0            ; 0       ; 0         ; 0    ; 0            ; 0          ; |ascii_display_top|ascii_seven_segment_decoder:ascii_decoder_6                                                                                 ; ascii_seven_segment_decoder ; work         ;
+--------------------------------------------------+---------------------+---------------------------+-------------+------------+--------------+---------+-----------+------+--------------+------------+------------------------------------------------------------------------------------------------------------------------------------------------+-----------------------------+--------------+
Note: For table entries with two numbers listed, the numbers in parentheses indicate the number of resources of the given type used by the specific entity alone. The numbers listed outside of parentheses indicate the total resources of the given type used by the specific entity and all of its sub-entities in the hierarchy.


+---------------------------------------------------------------------------------------+
; Registers Removed During Synthesis                                                    ;
+----------------------------------------------+----------------------------------------+
; Register name                                ; Reason for Removal                     ;
+----------------------------------------------+----------------------------------------+
; ascii_roller:ascii_roller_1|index_reg[3..30] ; Stuck at GND due to stuck port data_in ;
; Total Number of Removed Registers = 28       ;                                        ;
+----------------------------------------------+----------------------------------------+


+-------------------------------------------------------------------------------------------------------------------------------------------------------------+
; Removed Registers Triggering Further Register Optimizations                                                                                                 ;
+-------------------------------------------+---------------------------+-------------------------------------------------------------------------------------+
; Register name                             ; Reason for Removal        ; Registers Removed due to This Register                                              ;
+-------------------------------------------+---------------------------+-------------------------------------------------------------------------------------+
; ascii_roller:ascii_roller_1|index_reg[29] ; Stuck at GND              ; ascii_roller:ascii_roller_1|index_reg[26],                                          ;
;                                           ; due to stuck port data_in ; ascii_roller:ascii_roller_1|index_reg[27],                                          ;
;                                           ;                           ; ascii_roller:ascii_roller_1|index_reg[28],                                          ;
;                                           ;                           ; ascii_roller:ascii_roller_1|index_reg[25],                                          ;
;                                           ;                           ; ascii_roller:ascii_roller_1|index_reg[24],                                          ;
;                                           ;                           ; ascii_roller:ascii_roller_1|index_reg[23],                                          ;
;                                           ;                           ; ascii_roller:ascii_roller_1|index_reg[22],                                          ;
;                                           ;                           ; ascii_roller:ascii_roller_1|index_reg[21],                                          ;
;                                           ;                           ; ascii_roller:ascii_roller_1|index_reg[20],                                          ;
;                                           ;                           ; ascii_roller:ascii_roller_1|index_reg[19],                                          ;
;                                           ;                           ; ascii_roller:ascii_roller_1|index_reg[18],                                          ;
;                                           ;                           ; ascii_roller:ascii_roller_1|index_reg[17],                                          ;
;                                           ;                           ; ascii_roller:ascii_roller_1|index_reg[16],                                          ;
;                                           ;                           ; ascii_roller:ascii_roller_1|index_reg[15],                                          ;
;                                           ;                           ; ascii_roller:ascii_roller_1|index_reg[14],                                          ;
;                                           ;                           ; ascii_roller:ascii_roller_1|index_reg[13],                                          ;
;                                           ;                           ; ascii_roller:ascii_roller_1|index_reg[12],                                          ;
;                                           ;                           ; ascii_roller:ascii_roller_1|index_reg[11],                                          ;
;                                           ;                           ; ascii_roller:ascii_roller_1|index_reg[10],                                          ;
;                                           ;                           ; ascii_roller:ascii_roller_1|index_reg[9], ascii_roller:ascii_roller_1|index_reg[8], ;
;                                           ;                           ; ascii_roller:ascii_roller_1|index_reg[7], ascii_roller:ascii_roller_1|index_reg[6], ;
;                                           ;                           ; ascii_roller:ascii_roller_1|index_reg[5], ascii_roller:ascii_roller_1|index_reg[4], ;
;                                           ;                           ; ascii_roller:ascii_roller_1|index_reg[3]                                            ;
+-------------------------------------------+---------------------------+-------------------------------------------------------------------------------------+


+------------------------------------------------------+
; General Register Statistics                          ;
+----------------------------------------------+-------+
; Statistic                                    ; Value ;
+----------------------------------------------+-------+
; Total registers                              ; 34    ;
; Number of registers using Synchronous Clear  ; 31    ;
; Number of registers using Synchronous Load   ; 0     ;
; Number of registers using Asynchronous Clear ; 34    ;
; Number of registers using Asynchronous Load  ; 0     ;
; Number of registers using Clock Enable       ; 3     ;
; Number of registers using Preset             ; 0     ;
+----------------------------------------------+-------+


+----------------------------------------------------------------------------------------------------------------------------------------------------------------------------+
; Multiplexer Restructuring Statistics (Restructuring Performed)                                                                                                             ;
+--------------------+-----------+---------------+----------------------+------------------------+------------+--------------------------------------------------------------+
; Multiplexer Inputs ; Bus Width ; Baseline Area ; Area if Restructured ; Saving if Restructured ; Registered ; Example Multiplexer Output                                   ;
+--------------------+-----------+---------------+----------------------+------------------------+------------+--------------------------------------------------------------+
; 3:1                ; 31 bits   ; 62 LEs        ; 31 LEs               ; 31 LEs                 ; Yes        ; |ascii_display_top|ascii_roller:ascii_roller_1|count_reg[29] ;
; 4:1                ; 31 bits   ; 62 LEs        ; 31 LEs               ; 31 LEs                 ; Yes        ; |ascii_display_top|ascii_roller:ascii_roller_1|index_reg[13] ;
+--------------------+-----------+---------------+----------------------+------------------------+------------+--------------------------------------------------------------+


+----------------------------------------------------------------------------------------------+
; Parameter Settings for Inferred Entity Instance: ascii_roller:ascii_roller_1|lpm_divide:Mod5 ;
+------------------------+----------------+----------------------------------------------------+
; Parameter Name         ; Value          ; Type                                               ;
+------------------------+----------------+----------------------------------------------------+
; LPM_WIDTHN             ; 32             ; Untyped                                            ;
; LPM_WIDTHD             ; 32             ; Untyped                                            ;
; LPM_NREPRESENTATION    ; UNSIGNED       ; Untyped                                            ;
; LPM_DREPRESENTATION    ; UNSIGNED       ; Untyped                                            ;
; LPM_PIPELINE           ; 0              ; Untyped                                            ;
; LPM_REMAINDERPOSITIVE  ; TRUE           ; Untyped                                            ;
; MAXIMIZE_SPEED         ; 5              ; Untyped                                            ;
; CBXI_PARAMETER         ; lpm_divide_anl ; Untyped                                            ;
; CARRY_CHAIN            ; MANUAL         ; Untyped                                            ;
; OPTIMIZE_FOR_SPEED     ; 5              ; Untyped                                            ;
; AUTO_CARRY_CHAINS      ; ON             ; AUTO_CARRY                                         ;
; IGNORE_CARRY_BUFFERS   ; OFF            ; IGNORE_CARRY                                       ;
; AUTO_CASCADE_CHAINS    ; ON             ; AUTO_CASCADE                                       ;
; IGNORE_CASCADE_BUFFERS ; OFF            ; IGNORE_CASCADE                                     ;
+------------------------+----------------+----------------------------------------------------+
Note: In order to hide this table in the UI and the text report file, please set the "Show Parameter Settings in Synthesis Report" option in "Analysis and Synthesis Settings -> More Settings" to "Off".


+----------------------------------------------------------------------------------------------+
; Parameter Settings for Inferred Entity Instance: ascii_roller:ascii_roller_1|lpm_divide:Mod4 ;
+------------------------+----------------+----------------------------------------------------+
; Parameter Name         ; Value          ; Type                                               ;
+------------------------+----------------+----------------------------------------------------+
; LPM_WIDTHN             ; 32             ; Untyped                                            ;
; LPM_WIDTHD             ; 32             ; Untyped                                            ;
; LPM_NREPRESENTATION    ; UNSIGNED       ; Untyped                                            ;
; LPM_DREPRESENTATION    ; UNSIGNED       ; Untyped                                            ;
; LPM_PIPELINE           ; 0              ; Untyped                                            ;
; LPM_REMAINDERPOSITIVE  ; TRUE           ; Untyped                                            ;
; MAXIMIZE_SPEED         ; 5              ; Untyped                                            ;
; CBXI_PARAMETER         ; lpm_divide_anl ; Untyped                                            ;
; CARRY_CHAIN            ; MANUAL         ; Untyped                                            ;
; OPTIMIZE_FOR_SPEED     ; 5              ; Untyped                                            ;
; AUTO_CARRY_CHAINS      ; ON             ; AUTO_CARRY                                         ;
; IGNORE_CARRY_BUFFERS   ; OFF            ; IGNORE_CARRY                                       ;
; AUTO_CASCADE_CHAINS    ; ON             ; AUTO_CASCADE                                       ;
; IGNORE_CASCADE_BUFFERS ; OFF            ; IGNORE_CASCADE                                     ;
+------------------------+----------------+----------------------------------------------------+
Note: In order to hide this table in the UI and the text report file, please set the "Show Parameter Settings in Synthesis Report" option in "Analysis and Synthesis Settings -> More Settings" to "Off".


+----------------------------------------------------------------------------------------------+
; Parameter Settings for Inferred Entity Instance: ascii_roller:ascii_roller_1|lpm_divide:Mod3 ;
+------------------------+----------------+----------------------------------------------------+
; Parameter Name         ; Value          ; Type                                               ;
+------------------------+----------------+----------------------------------------------------+
; LPM_WIDTHN             ; 32             ; Untyped                                            ;
; LPM_WIDTHD             ; 32             ; Untyped                                            ;
; LPM_NREPRESENTATION    ; UNSIGNED       ; Untyped                                            ;
; LPM_DREPRESENTATION    ; UNSIGNED       ; Untyped                                            ;
; LPM_PIPELINE           ; 0              ; Untyped                                            ;
; LPM_REMAINDERPOSITIVE  ; TRUE           ; Untyped                                            ;
; MAXIMIZE_SPEED         ; 5              ; Untyped                                            ;
; CBXI_PARAMETER         ; lpm_divide_anl ; Untyped                                            ;
; CARRY_CHAIN            ; MANUAL         ; Untyped                                            ;
; OPTIMIZE_FOR_SPEED     ; 5              ; Untyped                                            ;
; AUTO_CARRY_CHAINS      ; ON             ; AUTO_CARRY                                         ;
; IGNORE_CARRY_BUFFERS   ; OFF            ; IGNORE_CARRY                                       ;
; AUTO_CASCADE_CHAINS    ; ON             ; AUTO_CASCADE                                       ;
; IGNORE_CASCADE_BUFFERS ; OFF            ; IGNORE_CASCADE                                     ;
+------------------------+----------------+----------------------------------------------------+
Note: In order to hide this table in the UI and the text report file, please set the "Show Parameter Settings in Synthesis Report" option in "Analysis and Synthesis Settings -> More Settings" to "Off".


+----------------------------------------------------------------------------------------------+
; Parameter Settings for Inferred Entity Instance: ascii_roller:ascii_roller_1|lpm_divide:Mod2 ;
+------------------------+----------------+----------------------------------------------------+
; Parameter Name         ; Value          ; Type                                               ;
+------------------------+----------------+----------------------------------------------------+
; LPM_WIDTHN             ; 32             ; Untyped                                            ;
; LPM_WIDTHD             ; 32             ; Untyped                                            ;
; LPM_NREPRESENTATION    ; UNSIGNED       ; Untyped                                            ;
; LPM_DREPRESENTATION    ; UNSIGNED       ; Untyped                                            ;
; LPM_PIPELINE           ; 0              ; Untyped                                            ;
; LPM_REMAINDERPOSITIVE  ; TRUE           ; Untyped                                            ;
; MAXIMIZE_SPEED         ; 5              ; Untyped                                            ;
; CBXI_PARAMETER         ; lpm_divide_anl ; Untyped                                            ;
; CARRY_CHAIN            ; MANUAL         ; Untyped                                            ;
; OPTIMIZE_FOR_SPEED     ; 5              ; Untyped                                            ;
; AUTO_CARRY_CHAINS      ; ON             ; AUTO_CARRY                                         ;
; IGNORE_CARRY_BUFFERS   ; OFF            ; IGNORE_CARRY                                       ;
; AUTO_CASCADE_CHAINS    ; ON             ; AUTO_CASCADE                                       ;
; IGNORE_CASCADE_BUFFERS ; OFF            ; IGNORE_CASCADE                                     ;
+------------------------+----------------+----------------------------------------------------+
Note: In order to hide this table in the UI and the text report file, please set the "Show Parameter Settings in Synthesis Report" option in "Analysis and Synthesis Settings -> More Settings" to "Off".


+----------------------------------------------------------------------------------------------+
; Parameter Settings for Inferred Entity Instance: ascii_roller:ascii_roller_1|lpm_divide:Mod1 ;
+------------------------+----------------+----------------------------------------------------+
; Parameter Name         ; Value          ; Type                                               ;
+------------------------+----------------+----------------------------------------------------+
; LPM_WIDTHN             ; 32             ; Untyped                                            ;
; LPM_WIDTHD             ; 32             ; Untyped                                            ;
; LPM_NREPRESENTATION    ; UNSIGNED       ; Untyped                                            ;
; LPM_DREPRESENTATION    ; UNSIGNED       ; Untyped                                            ;
; LPM_PIPELINE           ; 0              ; Untyped                                            ;
; LPM_REMAINDERPOSITIVE  ; TRUE           ; Untyped                                            ;
; MAXIMIZE_SPEED         ; 5              ; Untyped                                            ;
; CBXI_PARAMETER         ; lpm_divide_anl ; Untyped                                            ;
; CARRY_CHAIN            ; MANUAL         ; Untyped                                            ;
; OPTIMIZE_FOR_SPEED     ; 5              ; Untyped                                            ;
; AUTO_CARRY_CHAINS      ; ON             ; AUTO_CARRY                                         ;
; IGNORE_CARRY_BUFFERS   ; OFF            ; IGNORE_CARRY                                       ;
; AUTO_CASCADE_CHAINS    ; ON             ; AUTO_CASCADE                                       ;
; IGNORE_CASCADE_BUFFERS ; OFF            ; IGNORE_CASCADE                                     ;
+------------------------+----------------+----------------------------------------------------+
Note: In order to hide this table in the UI and the text report file, please set the "Show Parameter Settings in Synthesis Report" option in "Analysis and Synthesis Settings -> More Settings" to "Off".


+----------------------------------------------------------------------------------------------+
; Parameter Settings for Inferred Entity Instance: ascii_roller:ascii_roller_1|lpm_divide:Mod0 ;
+------------------------+----------------+----------------------------------------------------+
; Parameter Name         ; Value          ; Type                                               ;
+------------------------+----------------+----------------------------------------------------+
; LPM_WIDTHN             ; 31             ; Untyped                                            ;
; LPM_WIDTHD             ; 31             ; Untyped                                            ;
; LPM_NREPRESENTATION    ; UNSIGNED       ; Untyped                                            ;
; LPM_DREPRESENTATION    ; UNSIGNED       ; Untyped                                            ;
; LPM_PIPELINE           ; 0              ; Untyped                                            ;
; LPM_REMAINDERPOSITIVE  ; TRUE           ; Untyped                                            ;
; MAXIMIZE_SPEED         ; 5              ; Untyped                                            ;
; CBXI_PARAMETER         ; lpm_divide_8nl ; Untyped                                            ;
; CARRY_CHAIN            ; MANUAL         ; Untyped                                            ;
; OPTIMIZE_FOR_SPEED     ; 5              ; Untyped                                            ;
; AUTO_CARRY_CHAINS      ; ON             ; AUTO_CARRY                                         ;
; IGNORE_CARRY_BUFFERS   ; OFF            ; IGNORE_CARRY                                       ;
; AUTO_CASCADE_CHAINS    ; ON             ; AUTO_CASCADE                                       ;
; IGNORE_CASCADE_BUFFERS ; OFF            ; IGNORE_CASCADE                                     ;
+------------------------+----------------+----------------------------------------------------+
Note: In order to hide this table in the UI and the text report file, please set the "Show Parameter Settings in Synthesis Report" option in "Analysis and Synthesis Settings -> More Settings" to "Off".


+---------------------------------------------------------+
; Port Connectivity Checks: "ascii_roller:ascii_roller_1" ;
+------------------+-------+----------+-------------------+
; Port             ; Type  ; Severity ; Details           ;
+------------------+-------+----------+-------------------+
; interval[21..20] ; Input ; Info     ; Stuck at VCC      ;
; interval[11..10] ; Input ; Info     ; Stuck at VCC      ;
; interval[30..25] ; Input ; Info     ; Stuck at GND      ;
; interval[23..22] ; Input ; Info     ; Stuck at GND      ;
; interval[19..17] ; Input ; Info     ; Stuck at GND      ;
; interval[15..14] ; Input ; Info     ; Stuck at GND      ;
; interval[7..0]   ; Input ; Info     ; Stuck at GND      ;
; interval[24]     ; Input ; Info     ; Stuck at VCC      ;
; interval[16]     ; Input ; Info     ; Stuck at VCC      ;
; interval[13]     ; Input ; Info     ; Stuck at VCC      ;
; interval[12]     ; Input ; Info     ; Stuck at GND      ;
; interval[9]      ; Input ; Info     ; Stuck at GND      ;
; interval[8]      ; Input ; Info     ; Stuck at VCC      ;
+------------------+-------+----------+-------------------+


+-----------------------------------------------------+
; Post-Synthesis Netlist Statistics for Top Partition ;
+-----------------------+-----------------------------+
; Type                  ; Count                       ;
+-----------------------+-----------------------------+
; boundary_port         ; 51                          ;
; cycloneiii_ff         ; 34                          ;
;     CLR SCLR          ; 31                          ;
;     ENA CLR           ; 3                           ;
; cycloneiii_lcell_comb ; 641                         ;
;     arith             ; 374                         ;
;         1 data inputs ; 168                         ;
;         2 data inputs ; 189                         ;
;         3 data inputs ; 17                          ;
;     normal            ; 267                         ;
;         0 data inputs ; 16                          ;
;         1 data inputs ; 16                          ;
;         2 data inputs ; 173                         ;
;         3 data inputs ; 37                          ;
;         4 data inputs ; 25                          ;
;                       ;                             ;
; Max LUT depth         ; 13.30                       ;
; Average LUT depth     ; 10.70                       ;
+-----------------------+-----------------------------+


+-------------------------------+
; Elapsed Time Per Partition    ;
+----------------+--------------+
; Partition Name ; Elapsed Time ;
+----------------+--------------+
; Top            ; 00:00:03     ;
+----------------+--------------+


+-------------------------------+
; Analysis & Synthesis Messages ;
+-------------------------------+
Info: *******************************************************************
Info: Running Quartus Prime Analysis & Synthesis
    Info: Version 21.1.0 Build 842 10/21/2021 SJ Lite Edition
    Info: Processing started: Wed May 31 14:29:39 2023
Info: Command: quartus_map --read_settings_files=on --write_settings_files=off ascii-roller-seven-segment-display -c ascii-roller-seven-segment-display
Warning (18236): Number of processors has not been specified which may cause overloading on shared machines.  Set the global assignment NUM_PARALLEL_PROCESSORS in your QSF to an appropriate value for best performance.
Info (20030): Parallel compilation is enabled and will use 16 of the 16 processors detected
Info (12021): Found 2 design units, including 1 entities, in source file /dokumente/informatik-wettbewerbe/invent_a_chip/chip-designs/ascii-roller-seven-segment-display/vhdl/modules/ascii_seven_segment_decoder.vhdl
    Info (12022): Found design unit 1: ascii_seven_segment_decoder-rtl File: D:/Dokumente/Informatik-Wettbewerbe/Invent_A_Chip/Chip-Designs/ascii-roller-seven-segment-display/vhdl/modules/ascii_seven_segment_decoder.vhdl Line: 12
    Info (12023): Found entity 1: ascii_seven_segment_decoder File: D:/Dokumente/Informatik-Wettbewerbe/Invent_A_Chip/Chip-Designs/ascii-roller-seven-segment-display/vhdl/modules/ascii_seven_segment_decoder.vhdl Line: 5
Info (12021): Found 2 design units, including 1 entities, in source file /dokumente/informatik-wettbewerbe/invent_a_chip/chip-designs/ascii-roller-seven-segment-display/vhdl/modules/ascii_roller.vhdl
    Info (12022): Found design unit 1: ascii_roller-rtl File: D:/Dokumente/Informatik-Wettbewerbe/Invent_A_Chip/Chip-Designs/ascii-roller-seven-segment-display/vhdl/modules/ascii_roller.vhdl Line: 21
    Info (12023): Found entity 1: ascii_roller File: D:/Dokumente/Informatik-Wettbewerbe/Invent_A_Chip/Chip-Designs/ascii-roller-seven-segment-display/vhdl/modules/ascii_roller.vhdl Line: 5
Info (12021): Found 2 design units, including 1 entities, in source file /dokumente/informatik-wettbewerbe/invent_a_chip/chip-designs/ascii-roller-seven-segment-display/vhdl/modules/ascii_display_top.vhdl
    Info (12022): Found design unit 1: ascii_display_top-rtl File: D:/Dokumente/Informatik-Wettbewerbe/Invent_A_Chip/Chip-Designs/ascii-roller-seven-segment-display/vhdl/modules/ascii_display_top.vhdl Line: 67
    Info (12023): Found entity 1: ascii_display_top File: D:/Dokumente/Informatik-Wettbewerbe/Invent_A_Chip/Chip-Designs/ascii-roller-seven-segment-display/vhdl/modules/ascii_display_top.vhdl Line: 5
Info (12127): Elaborating entity "ascii_display_top" for the top level hierarchy
Info (12128): Elaborating entity "ascii_roller" for hierarchy "ascii_roller:ascii_roller_1" File: D:/Dokumente/Informatik-Wettbewerbe/Invent_A_Chip/Chip-Designs/ascii-roller-seven-segment-display/vhdl/modules/ascii_display_top.vhdl Line: 115
Info (12128): Elaborating entity "ascii_seven_segment_decoder" for hierarchy "ascii_seven_segment_decoder:ascii_decoder_1" File: D:/Dokumente/Informatik-Wettbewerbe/Invent_A_Chip/Chip-Designs/ascii-roller-seven-segment-display/vhdl/modules/ascii_display_top.vhdl Line: 131
Info (278001): Inferred 6 megafunctions from design logic
    Info (278004): Inferred divider/modulo megafunction ("lpm_divide") from the following logic: "ascii_roller:ascii_roller_1|Mod5" File: D:/Dokumente/Informatik-Wettbewerbe/Invent_A_Chip/Chip-Designs/ascii-roller-seven-segment-display/vhdl/modules/ascii_roller.vhdl Line: 65
    Info (278004): Inferred divider/modulo megafunction ("lpm_divide") from the following logic: "ascii_roller:ascii_roller_1|Mod4" File: D:/Dokumente/Informatik-Wettbewerbe/Invent_A_Chip/Chip-Designs/ascii-roller-seven-segment-display/vhdl/modules/ascii_roller.vhdl Line: 64
    Info (278004): Inferred divider/modulo megafunction ("lpm_divide") from the following logic: "ascii_roller:ascii_roller_1|Mod3" File: D:/Dokumente/Informatik-Wettbewerbe/Invent_A_Chip/Chip-Designs/ascii-roller-seven-segment-display/vhdl/modules/ascii_roller.vhdl Line: 63
    Info (278004): Inferred divider/modulo megafunction ("lpm_divide") from the following logic: "ascii_roller:ascii_roller_1|Mod2" File: D:/Dokumente/Informatik-Wettbewerbe/Invent_A_Chip/Chip-Designs/ascii-roller-seven-segment-display/vhdl/modules/ascii_roller.vhdl Line: 62
    Info (278004): Inferred divider/modulo megafunction ("lpm_divide") from the following logic: "ascii_roller:ascii_roller_1|Mod1" File: D:/Dokumente/Informatik-Wettbewerbe/Invent_A_Chip/Chip-Designs/ascii-roller-seven-segment-display/vhdl/modules/ascii_roller.vhdl Line: 61
    Info (278004): Inferred divider/modulo megafunction ("lpm_divide") from the following logic: "ascii_roller:ascii_roller_1|Mod0" File: D:/Dokumente/Informatik-Wettbewerbe/Invent_A_Chip/Chip-Designs/ascii-roller-seven-segment-display/vhdl/modules/ascii_roller.vhdl Line: 60
Info (12130): Elaborated megafunction instantiation "ascii_roller:ascii_roller_1|lpm_divide:Mod5" File: D:/Dokumente/Informatik-Wettbewerbe/Invent_A_Chip/Chip-Designs/ascii-roller-seven-segment-display/vhdl/modules/ascii_roller.vhdl Line: 65
Info (12133): Instantiated megafunction "ascii_roller:ascii_roller_1|lpm_divide:Mod5" with the following parameter: File: D:/Dokumente/Informatik-Wettbewerbe/Invent_A_Chip/Chip-Designs/ascii-roller-seven-segment-display/vhdl/modules/ascii_roller.vhdl Line: 65
    Info (12134): Parameter "LPM_WIDTHN" = "32"
    Info (12134): Parameter "LPM_WIDTHD" = "32"
    Info (12134): Parameter "LPM_NREPRESENTATION" = "UNSIGNED"
    Info (12134): Parameter "LPM_DREPRESENTATION" = "UNSIGNED"
Info (12021): Found 1 design units, including 1 entities, in source file db/lpm_divide_anl.tdf
    Info (12023): Found entity 1: lpm_divide_anl File: D:/Dokumente/Informatik-Wettbewerbe/Invent_A_Chip/Chip-Designs/ascii-roller-seven-segment-display/quartus/db/lpm_divide_anl.tdf Line: 25
Info (12021): Found 1 design units, including 1 entities, in source file db/sign_div_unsign_9nh.tdf
    Info (12023): Found entity 1: sign_div_unsign_9nh File: D:/Dokumente/Informatik-Wettbewerbe/Invent_A_Chip/Chip-Designs/ascii-roller-seven-segment-display/quartus/db/sign_div_unsign_9nh.tdf Line: 25
Info (12021): Found 1 design units, including 1 entities, in source file db/alt_u_div_ske.tdf
    Info (12023): Found entity 1: alt_u_div_ske File: D:/Dokumente/Informatik-Wettbewerbe/Invent_A_Chip/Chip-Designs/ascii-roller-seven-segment-display/quartus/db/alt_u_div_ske.tdf Line: 27
Info (12021): Found 1 design units, including 1 entities, in source file db/add_sub_t3c.tdf
    Info (12023): Found entity 1: add_sub_t3c File: D:/Dokumente/Informatik-Wettbewerbe/Invent_A_Chip/Chip-Designs/ascii-roller-seven-segment-display/quartus/db/add_sub_t3c.tdf Line: 23
Info (12021): Found 1 design units, including 1 entities, in source file db/add_sub_u3c.tdf
    Info (12023): Found entity 1: add_sub_u3c File: D:/Dokumente/Informatik-Wettbewerbe/Invent_A_Chip/Chip-Designs/ascii-roller-seven-segment-display/quartus/db/add_sub_u3c.tdf Line: 23
Info (12130): Elaborated megafunction instantiation "ascii_roller:ascii_roller_1|lpm_divide:Mod0" File: D:/Dokumente/Informatik-Wettbewerbe/Invent_A_Chip/Chip-Designs/ascii-roller-seven-segment-display/vhdl/modules/ascii_roller.vhdl Line: 60
Info (12133): Instantiated megafunction "ascii_roller:ascii_roller_1|lpm_divide:Mod0" with the following parameter: File: D:/Dokumente/Informatik-Wettbewerbe/Invent_A_Chip/Chip-Designs/ascii-roller-seven-segment-display/vhdl/modules/ascii_roller.vhdl Line: 60
    Info (12134): Parameter "LPM_WIDTHN" = "31"
    Info (12134): Parameter "LPM_WIDTHD" = "31"
    Info (12134): Parameter "LPM_NREPRESENTATION" = "UNSIGNED"
    Info (12134): Parameter "LPM_DREPRESENTATION" = "UNSIGNED"
Info (12021): Found 1 design units, including 1 entities, in source file db/lpm_divide_8nl.tdf
    Info (12023): Found entity 1: lpm_divide_8nl File: D:/Dokumente/Informatik-Wettbewerbe/Invent_A_Chip/Chip-Designs/ascii-roller-seven-segment-display/quartus/db/lpm_divide_8nl.tdf Line: 25
Info (12021): Found 1 design units, including 1 entities, in source file db/sign_div_unsign_7nh.tdf
    Info (12023): Found entity 1: sign_div_unsign_7nh File: D:/Dokumente/Informatik-Wettbewerbe/Invent_A_Chip/Chip-Designs/ascii-roller-seven-segment-display/quartus/db/sign_div_unsign_7nh.tdf Line: 25
Info (12021): Found 1 design units, including 1 entities, in source file db/alt_u_div_oke.tdf
    Info (12023): Found entity 1: alt_u_div_oke File: D:/Dokumente/Informatik-Wettbewerbe/Invent_A_Chip/Chip-Designs/ascii-roller-seven-segment-display/quartus/db/alt_u_div_oke.tdf Line: 27
Warning (13024): Output pins are stuck at VCC or GND
    Warning (13410): Pin "segment_dp_1" is stuck at VCC File: D:/Dokumente/Informatik-Wettbewerbe/Invent_A_Chip/Chip-Designs/ascii-roller-seven-segment-display/vhdl/modules/ascii_display_top.vhdl Line: 18
    Warning (13410): Pin "segment_dp_2" is stuck at VCC File: D:/Dokumente/Informatik-Wettbewerbe/Invent_A_Chip/Chip-Designs/ascii-roller-seven-segment-display/vhdl/modules/ascii_display_top.vhdl Line: 27
    Warning (13410): Pin "segment_dp_3" is stuck at VCC File: D:/Dokumente/Informatik-Wettbewerbe/Invent_A_Chip/Chip-Designs/ascii-roller-seven-segment-display/vhdl/modules/ascii_display_top.vhdl Line: 36
    Warning (13410): Pin "segment_dp_4" is stuck at VCC File: D:/Dokumente/Informatik-Wettbewerbe/Invent_A_Chip/Chip-Designs/ascii-roller-seven-segment-display/vhdl/modules/ascii_display_top.vhdl Line: 45
    Warning (13410): Pin "segment_dp_5" is stuck at VCC File: D:/Dokumente/Informatik-Wettbewerbe/Invent_A_Chip/Chip-Designs/ascii-roller-seven-segment-display/vhdl/modules/ascii_display_top.vhdl Line: 54
    Warning (13410): Pin "segment_dp_6" is stuck at VCC File: D:/Dokumente/Informatik-Wettbewerbe/Invent_A_Chip/Chip-Designs/ascii-roller-seven-segment-display/vhdl/modules/ascii_display_top.vhdl Line: 63
Info (286030): Timing-Driven Synthesis is running
Info (17016): Found the following redundant logic cells in design
    Info (17048): Logic cell "ascii_roller:ascii_roller_1|lpm_divide:Mod5|lpm_divide_anl:auto_generated|sign_div_unsign_9nh:divider|alt_u_div_ske:divider|add_sub_31_result_int[0]~64" File: D:/Dokumente/Informatik-Wettbewerbe/Invent_A_Chip/Chip-Designs/ascii-roller-seven-segment-display/quartus/db/alt_u_div_ske.tdf Line: 152
    Info (17048): Logic cell "ascii_roller:ascii_roller_1|Add8~0" File: D:/Dokumente/Informatik-Wettbewerbe/Invent_A_Chip/Chip-Designs/ascii-roller-seven-segment-display/vhdl/modules/ascii_roller.vhdl Line: 64
    Info (17048): Logic cell "ascii_roller:ascii_roller_1|lpm_divide:Mod2|lpm_divide_anl:auto_generated|sign_div_unsign_9nh:divider|alt_u_div_ske:divider|add_sub_30_result_int[0]~62" File: D:/Dokumente/Informatik-Wettbewerbe/Invent_A_Chip/Chip-Designs/ascii-roller-seven-segment-display/quartus/db/alt_u_div_ske.tdf Line: 147
Info (16010): Generating hard_block partition "hard_block:auto_generated_inst"
    Info (16011): Adding 0 node(s), including 0 DDIO, 0 PLL, 0 transceiver and 0 LCELL
Info (21057): Implemented 679 device resources after synthesis - the final resource count might be different
    Info (21058): Implemented 3 input pins
    Info (21059): Implemented 48 output pins
    Info (21061): Implemented 628 logic cells
Info: Quartus Prime Analysis & Synthesis was successful. 0 errors, 8 warnings
    Info: Peak virtual memory: 4925 megabytes
    Info: Processing ended: Wed May 31 14:29:53 2023
    Info: Elapsed time: 00:00:14
    Info: Total CPU time (on all processors): 00:00:30


